0 verbose cli /Users/shimizutomoya/.volta/tools/image/node/18.17.1/bin/node /Users/shimizutomoya/.volta/tools/image/node/18.17.1/bin/npm
1 info using npm@9.6.7
2 info using node@v18.17.1
3 timing npm:load:whichnode Completed in 1ms
4 timing config:load:defaults Completed in 2ms
5 timing config:load:file:/Users/shimizutomoya/.volta/tools/image/node/18.17.1/lib/node_modules/npm/npmrc Completed in 2ms
6 timing config:load:builtin Completed in 3ms
7 timing config:load:cli Completed in 3ms
8 timing config:load:env Completed in 1ms
9 timing config:load:file:/Users/shimizutomoya/210_プラグミング/practice/AI講座/4-2-2/Google ミート②/backend/.npmrc Completed in 0ms
10 timing config:load:project Completed in 4ms
11 timing config:load:file:/Users/shimizutomoya/.npmrc Completed in 0ms
12 timing config:load:user Completed in 0ms
13 timing config:load:file:/Users/shimizutomoya/.volta/tools/image/node/18.17.1/etc/npmrc Completed in 1ms
14 timing config:load:global Completed in 1ms
15 timing config:load:setEnvs Completed in 1ms
16 timing config:load Completed in 16ms
17 timing npm:load:configload Completed in 16ms
18 timing npm:load:mkdirpcache Completed in 1ms
19 timing npm:load:mkdirplogs Completed in 0ms
20 verbose title npm init
21 verbose argv "init" "--yes"
22 timing npm:load:setTitle Completed in 2ms
23 timing config:load:flatten Completed in 4ms
24 timing npm:load:display Completed in 6ms
25 verbose logfile logs-max:10 dir:/Users/shimizutomoya/210_プラグミング/practice/AI講座/4-2-2/Google ミート②/.npm-cache/_logs/2025-11-29T00_22_26_207Z-
26 verbose logfile /Users/shimizutomoya/210_プラグミング/practice/AI講座/4-2-2/Google ミート②/.npm-cache/_logs/2025-11-29T00_22_26_207Z-debug-0.log
27 timing npm:load:logFile Completed in 15ms
28 timing npm:load:timers Completed in 0ms
29 timing npm:load:configScope Completed in 0ms
30 timing npm:load Completed in 42ms
31 silly logfile done cleaning log files
32 silly package data {
32 silly package data   name: 'backend',
32 silly package data   version: '1.0.0',
32 silly package data   description: '',
32 silly package data   main: 'index.js',
32 silly package data   scripts: { test: 'echo "Error: no test specified" && exit 1' },
32 silly package data   keywords: [],
32 silly package data   author: '',
32 silly package data   license: 'ISC'
32 silly package data }
33 timing command:init Completed in 68ms
34 verbose exit 0
35 timing npm Completed in 235ms
36 info ok
